<?xml version="1.0" encoding="UTF-8"?>
<!-- Generated by org.testng.reporters.JUnitReportReporter -->
<testsuite hostname="Meeth" failures="0" tests="2" name="selenium_framework_maven.DemoTest4" time="0.017" errors="0" timestamp="2022-07-20T15:21:18 IST" skipped="0">
  <testcase classname="selenium_framework_maven.DemoTest4" name="demoTest" time="0.014"/>
  <system-out/>
  <testcase classname="selenium_framework_maven.DemoTest4" name="demoTset1" time="0.003"/>
  <system-out/>
</testsuite> <!-- selenium_framework_maven.DemoTest4 -->
