<?xml version="1.0" encoding="UTF-8"?>
<!-- Generated by org.testng.reporters.JUnitReportReporter -->
<testsuite hostname="Meeth" failures="0" tests="3" name="selenium_framework_maven.DemoTest3" time="0.021" errors="0" timestamp="2022-07-20T22:10:06 IST" skipped="0">
  <testcase classname="selenium_framework_maven.DemoTest3" name="demoTest2" time="0.002"/>
  <system-out/>
  <testcase classname="selenium_framework_maven.DemoTest3" name="demoTest" time="0.017"/>
  <system-out/>
  <testcase classname="selenium_framework_maven.DemoTest3" name="demoTestt1" time="0.002"/>
  <system-out/>
</testsuite> <!-- selenium_framework_maven.DemoTest3 -->
