<?xml version="1.0" encoding="UTF-8"?>
<!-- Generated by org.testng.reporters.JUnitReportReporter -->
<testsuite hostname="Meeth" failures="0" tests="3" name="selenium_framework_maven.DemoTest3" time="0.019" errors="0" timestamp="2022-07-24T20:05:28 IST" skipped="0">
  <testcase classname="selenium_framework_maven.DemoTest3" name="demoTest2" time="0.002"/>
  <system-out/>
  <testcase classname="selenium_framework_maven.DemoTest3" name="demoTest" time="0.014"/>
  <system-out/>
  <testcase classname="selenium_framework_maven.DemoTest3" name="demoTestt1" time="0.003"/>
  <system-out/>
</testsuite> <!-- selenium_framework_maven.DemoTest3 -->
