<?xml version="1.0" encoding="UTF-8"?>
<!-- Generated by org.testng.reporters.JUnitReportReporter -->
<testsuite hostname="Meeth" failures="0" tests="2" name="selenium.DemoTest" time="0.022" errors="0" timestamp="2022-07-18T14:23:38 IST" skipped="0">
  <testcase classname="selenium.DemoTest" name="demoTest" time="0.018"/>
  <system-out/>
  <testcase classname="selenium.DemoTest" name="demoTset1" time="0.004"/>
  <system-out/>
</testsuite> <!-- selenium.DemoTest -->
